<?xml version="1.0" encoding="UTF-8"?>
<!-- Generated by org.testng.reporters.JUnitReportReporter -->
<testsuite hostname="DESKTOP-UMEFVFH" failures="0" tests="1" name="testcases.TC_004_SearchProductTest" time="4.106" errors="0" timestamp="2024-03-23T20:55:14 IST" skipped="0">
  <testcase classname="testcases.TC_004_SearchProductTest" name="verifyproductSearch" time="4.106"/>
</testsuite> <!-- testcases.TC_004_SearchProductTest -->
