<?xml version="1.0" encoding="UTF-8"?>
<!-- Generated by org.testng.reporters.JUnitReportReporter -->
<testsuite hostname="DESKTOP-UMEFVFH" failures="0" tests="1" name="testcases.TC__001_AccountRegistrationTest" time="6.235" errors="0" timestamp="2024-03-23T20:55:14 IST" skipped="0">
  <testcase classname="testcases.TC__001_AccountRegistrationTest" name="verify_account_registration" time="6.235"/>
</testsuite> <!-- testcases.TC__001_AccountRegistrationTest -->
