<?xml version="1.0" encoding="UTF-8"?>
<!-- Generated by org.testng.reporters.JUnitReportReporter -->
<testsuite hostname="DESKTOP-UMEFVFH" failures="0" tests="5" name="testcases.TC_003_LoginDDT" time="44.993" errors="0" timestamp="2024-03-19T21:15:52 IST" skipped="0">
  <testcase classname="testcases.TC_003_LoginDDT" name="verify_loginDDT" time="4.217"/>
  <testcase classname="testcases.TC_003_LoginDDT" name="verify_loginDDT" time="11.613"/>
  <testcase classname="testcases.TC_003_LoginDDT" name="verify_loginDDT" time="14.225"/>
  <testcase classname="testcases.TC_003_LoginDDT" name="verify_loginDDT" time="12.154"/>
  <testcase classname="testcases.TC_003_LoginDDT" name="verify_loginDDT" time="2.784"/>
</testsuite> <!-- testcases.TC_003_LoginDDT -->
