<?xml version="1.0" encoding="UTF-8"?>
<!-- Generated by org.testng.reporters.JUnitReportReporter -->
<testsuite hostname="DESKTOP-UMEFVFH" failures="0" tests="1" name="testcases.TC_002_LoginTest" time="4.725" errors="0" timestamp="2024-03-22T15:23:12 IST" skipped="0">
  <testcase classname="testcases.TC_002_LoginTest" name="verify_Login_Test" time="4.725"/>
</testsuite> <!-- testcases.TC_002_LoginTest -->
